<?xml version="1.0" encoding="UTF-8"?>
<testsuite xmlns:xsi="http://www.w3.org/2001/XMLSchema-instance" xsi:schemaLocation="https://maven.apache.org/surefire/maven-surefire-plugin/xsd/surefire-test-report.xsd" name="runner.RunnerTest" time="8.461" tests="81" errors="0" skipped="7" failures="2">
  <properties>
[...]
</properties>
  <testcase name="Dado usuario esta na pagina de categoria" classname="Cenário: Simples POST" time="0.001"/>
  <testcase name="E o usuario informa no campo &quot;nome&quot; o valor &quot;eletro domesticos&quot;" classname="Cenário: Simples POST" time="0"/>
  <testcase name="Quando o  usuario clicar em salvar" classname="Cenário: Simples POST" time="0"/>
  <testcase name="Então o usuário deveria receber uma mensagem de &quot;salvo com sucesso&quot;" classname="Cenário: Simples POST" time="0"/>
  <testcase name="Cenário: Simples POST" classname="Cenário: Simples POST" time="0"/>
  <testcase name="Dado usuario esta na pagina de categoria" classname="| 7 | sucesso |" time="0"/>
  <testcase name="E o usuario gostaria de visualizar a categria com o id 7" classname="| 7 | sucesso |" time="0"/>
  <testcase name="Quando o  usuario clicar em visualizar" classname="| 7 | sucesso |" time="0"/>
  <testcase name="Entao o usuário deveria receber uma mensagem de &quot;sucesso&quot;" classname="| 7 | sucesso |" time="0"/>
  <testcase name="E o usuário dever ver o campo &quot;nome&quot; com valor &quot;eletro domesticos&quot;" classname="| 7 | sucesso |" time="0"/>
  <testcase name="| 7 | sucesso |" classname="| 7 | sucesso |" time="0"/>
  <testcase name="| 7 | sucesso |" classname="| 7 | sucesso |" time="0"/>
  <testcase name="Dado usuario esta na pagina de categoria" classname="| 12345 | não encontrado |" time="0"/>
  <testcase name="E o usuario gostaria de visualizar a categria com o id 12345" classname="| 12345 | não encontrado |" time="0"/>
  <testcase name="Quando o  usuario clicar em visualizar" classname="| 12345 | não encontrado |" time="0"/>
  <testcase name="Entao o usuário deveria receber uma mensagem de &quot;não encontrado&quot;" classname="| 12345 | não encontrado |" time="0"/>
  <testcase name="E o usuário dever ver o campo &quot;nome&quot; com valor &quot;eletro domesticos&quot;" classname="| 12345 | não encontrado |" time="0.009">
    <failure message="expected:&lt;eletro domesticos&gt; but was:&lt;null&gt;" type="java.lang.AssertionError"><![CDATA[java.lang.AssertionError: expected:<eletro domesticos> but was:<null>
]]></failure>
  </testcase>
  <testcase name="| 12345 | não encontrado |" classname="| 12345 | não encontrado |" time="0.01">
    <failure message="expected:&lt;eletro domesticos&gt; but was:&lt;null&gt;" type="java.lang.AssertionError"><![CDATA[java.lang.AssertionError: expected:<eletro domesticos> but was:<null>
]]></failure>
  </testcase>
  <testcase name="Dado que o usuário está na página de processos" classname="Cenário: Simples POST com todos os campos preenchidos corretamente" time="0"/>
  <testcase name="E o usuário informa no campo &quot;vara&quot; o valor &quot;2&quot;" classname="Cenário: Simples POST com todos os campos preenchidos corretamente" time="0"/>
  <testcase name="E o usuário informa no campo &quot;numero_processo&quot; o valor &quot;12314&quot;" classname="Cenário: Simples POST com todos os campos preenchidos corretamente" time="0"/>
  <testcase name="E o usuário informa no campo &quot;natureza&quot; o valor &quot;Guarda&quot;" classname="Cenário: Simples POST com todos os campos preenchidos corretamente" time="0.001"/>
  <testcase name="E o usuário informa no campo &quot;partes&quot; o valor &quot;Alberto x Alberta&quot;" classname="Cenário: Simples POST com todos os campos preenchidos corretamente" time="0"/>
  <testcase name="E o usuário informa no campo &quot;urgente&quot; o valor &quot;S&quot;" classname="Cenário: Simples POST com todos os campos preenchidos corretamente" time="0"/>
  <testcase name="E o usuário informa no campo &quot;arbitramento&quot; o valor &quot;N&quot;" classname="Cenário: Simples POST com todos os campos preenchidos corretamente" time="0"/>
  <testcase name="E o usuário informa no campo &quot;assistente_social&quot; o valor &quot;Robson Agapito&quot;" classname="Cenário: Simples POST com todos os campos preenchidos corretamente" time="0"/>
  <testcase name="E o usuário informa no campo &quot;data_entrada&quot; o valor &quot;2020-02-12&quot;" classname="Cenário: Simples POST com todos os campos preenchidos corretamente" time="0"/>
  <testcase name="E o usuário informa no campo &quot;data_saida&quot; o valor &quot;2020-02-20&quot;" classname="Cenário: Simples POST com todos os campos preenchidos corretamente" time="0"/>
  <testcase name="E o usuário informa no campo &quot;data_agendamento&quot; o v alor &quot;2020-02-13&quot;" classname="Cenário: Simples POST com todos os campos preenchidos corretamente" time="0">
    <skipped/>
  </testcase>
  <testcase name="E o usuário informa no campo &quot;status&quot; o valor &quot;Aguardando entrevista&quot;" classname="Cenário: Simples POST com todos os campos preenchidos corretamente" time="0">
    <skipped/>
  </testcase>
  <testcase name="E o usuário informa no campo &quot;observacao&quot; o valor &quot;Nada a declarar&quot;" classname="Cenário: Simples POST com todos os campos preenchidos corretamente" time="0">
    <skipped/>
  </testcase>
  <testcase name="Quando o usuário clicar em salvar" classname="Cenário: Simples POST com todos os campos preenchidos corretamente" time="0">
    <skipped/>
  </testcase>
  <testcase name="Então o usuário deveria receber uma mensagem de &quot;salvo com sucesso&quot;" classname="Cenário: Simples POST com todos os campos preenchidos corretamente" time="0">
    <skipped/>
  </testcase>
  <testcase name="E o usuário dever ver o campo &quot;vara&quot; com valor &quot;2&quot;" classname="Cenário: Simples POST com todos os campos preenchidos corretamente" time="0">
    <skipped/>
  </testcase>
  <testcase name="Cenário: Simples POST com todos os campos preenchidos corretamente" classname="Cenário: Simples POST com todos os campos preenchidos corretamente" time="0">
    <skipped/>
  </testcase>
  <testcase name="Cenário: Simples POST com todos os campos preenchidos corretamente" classname="Cenário: Simples POST com todos os campos preenchidos corretamente" time="0.004"/>
  <testcase name="Dado que o usuário está na página de processos" classname="| 7 | sucesso |" time="0"/>
  <testcase name="E o usuário gostaria de visualizar o processo com id 7" classname="| 7 | sucesso |" time="0"/>
  <testcase name="Quando o usuário clicar em visualizar" classname="| 7 | sucesso |" time="0"/>
  <testcase name="Então o usuário deveria receber uma mensagem de &quot;sucesso&quot;" classname="| 7 | sucesso |" time="0"/>
  <testcase name="Dado que o usuário está na página de processos" classname="| 321332 | não encontrado |" time="0"/>
  <testcase name="E o usuário gostaria de visualizar o processo com id 321332" classname="| 321332 | não encontrado |" time="0"/>
  <testcase name="Quando o usuário clicar em visualizar" classname="| 321332 | não encontrado |" time="0"/>
  <testcase name="Então o usuário deveria receber uma mensagem de &quot;não encontrado&quot;" classname="| 321332 | não encontrado |" time="0"/>
  <testcase name="| 321332 | não encontrado |" classname="| 321332 | não encontrado |" time="0"/>
  <testcase name="Dado que o usuário está na página de processos" classname="Cenário: Simples PUT com todos os campos preenchidos corretamente" time="0"/>
  <testcase name="E o usuário gostaria de visualizar o processo com id 7" classname="Cenário: Simples PUT com todos os campos preenchidos corretamente" time="0"/>
  <testcase name="E o usuário informa no campo &quot;vara&quot; o valor &quot;8&quot;" classname="Cenário: Simples PUT com todos os campos preenchidos corretamente" time="0"/>
  <testcase name="E o usuário informa no campo &quot;numero_processo&quot; o valor &quot;12314&quot;" classname="Cenário: Simples PUT com todos os campos preenchidos corretamente" time="0"/>
  <testcase name="E o usuário informa no campo &quot;natureza&quot; o valor &quot;Guarda&quot;" classname="Cenário: Simples PUT com todos os campos preenchidos corretamente" time="0"/>
  <testcase name="E o usuário informa no campo &quot;partes&quot; o valor &quot;Alberto x Alberta&quot;" classname="Cenário: Simples PUT com todos os campos preenchidos corretamente" time="0"/>
  <testcase name="E o usuário informa no campo &quot;urgente&quot; o valor &quot;S&quot;" classname="Cenário: Simples PUT com todos os campos preenchidos corretamente" time="0"/>
  <testcase name="E o usuário informa no campo &quot;arbitramento&quot; o valor &quot;N&quot;" classname="Cenário: Simples PUT com todos os campos preenchidos corretamente" time="0"/>
  <testcase name="E o usuário informa no campo &quot;assistente_social&quot; o valor &quot;Robson Agapito&quot;" classname="Cenário: Simples PUT com todos os campos preenchidos corretamente" time="0"/>
  <testcase name="E o usuário informa no campo &quot;data_entrada&quot; o valor &quot;2020-02-12&quot;" classname="Cenário: Simples PUT com todos os campos preenchidos corretamente" time="0"/>
  <testcase name="E o usuário informa no campo &quot;data_saida&quot; o valor &quot;2020-02-20&quot;" classname="Cenário: Simples PUT com todos os campos preenchidos corretamente" time="0"/>
  <testcase name="E o usuário informa no campo &quot;data_agendamento&quot; o valor &quot;2020-02-13&quot;" classname="Cenário: Simples PUT com todos os campos preenchidos corretamente" time="0"/>
  <testcase name="E o usuário informa no campo &quot;status&quot; o valor &quot;Aguardando entrevista&quot;" classname="Cenário: Simples PUT com todos os campos preenchidos corretamente" time="0"/>
  <testcase name="E o usuário informa no campo &quot;observacao&quot; o valor &quot;Nada a declarar&quot;" classname="Cenário: Simples PUT com todos os campos preenchidos corretamente" time="0"/>
  <testcase name="Quando o usuário clicar em atualizar" classname="Cenário: Simples PUT com todos os campos preenchidos corretamente" time="0"/>
  <testcase name="Então o usuário deveria receber uma mensagem de &quot;sucesso&quot;" classname="Cenário: Simples PUT com todos os campos preenchidos corretamente" time="0"/>
  <testcase name="E o usuário dever ver o campo &quot;vara&quot; com valor &quot;8&quot;" classname="Cenário: Simples PUT com todos os campos preenchidos corretamente" time="0"/>
  <testcase name="Cenário: Simples PUT com todos os campos preenchidos corretamente" classname="Cenário: Simples PUT com todos os campos preenchidos corretamente" time="0"/>
  <testcase name="Dado que o usuário está na página de processos" classname="Cenário: Simples DELETE com todos os campos preenchidos corretamente" time="0"/>
  <testcase name="E o usuário informa no campo &quot;vara&quot; o valor &quot;2&quot;" classname="Cenário: Simples DELETE com todos os campos preenchidos corretamente" time="0"/>
  <testcase name="E o usuário informa no campo &quot;numero_processo&quot; o valor &quot;12314&quot;" classname="Cenário: Simples DELETE com todos os campos preenchidos corretamente" time="0"/>
  <testcase name="E o usuário informa no campo &quot;natureza&quot; o valor &quot;Guarda&quot;" classname="Cenário: Simples DELETE com todos os campos preenchidos corretamente" time="0"/>
  <testcase name="E o usuário informa no campo &quot;partes&quot; o valor &quot;Alberto x Alberta&quot;" classname="Cenário: Simples DELETE com todos os campos preenchidos corretamente" time="0"/>
  <testcase name="E o usuário informa no campo &quot;urgente&quot; o valor &quot;S&quot;" classname="Cenário: Simples DELETE com todos os campos preenchidos corretamente" time="0"/>
  <testcase name="E o usuário informa no campo &quot;arbitramento&quot; o valor &quot;N&quot;" classname="Cenário: Simples DELETE com todos os campos preenchidos corretamente" time="0"/>
  <testcase name="E o usuário informa no campo &quot;assistente_social&quot; o valor &quot;Robson Agapito&quot;" classname="Cenário: Simples DELETE com todos os campos preenchidos corretamente" time="0.001"/>
  <testcase name="E o usuário informa no campo &quot;data_entrada&quot; o valor &quot;2020-02-12&quot;" classname="Cenário: Simples DELETE com todos os campos preenchidos corretamente" time="0"/>
  <testcase name="E o usuário informa no campo &quot;data_saida&quot; o valor &quot;2020-02-20&quot;" classname="Cenário: Simples DELETE com todos os campos preenchidos corretamente" time="0"/>
  <testcase name="E o usuário informa no campo &quot;data_agendamento&quot; o valor &quot;2020-02-13&quot;" classname="Cenário: Simples DELETE com todos os campos preenchidos corretamente" time="0"/>
  <testcase name="E o usuário informa no campo &quot;status&quot; o valor &quot;Aguardando entrevista&quot;" classname="Cenário: Simples DELETE com todos os campos preenchidos corretamente" time="0"/>
  <testcase name="E o usuário informa no campo &quot;observacao&quot; o valor &quot;Nada a declarar&quot;" classname="Cenário: Simples DELETE com todos os campos preenchidos corretamente" time="0"/>
  <testcase name="E o usuário clicar em salvar" classname="Cenário: Simples DELETE com todos os campos preenchidos corretamente" time="0"/>
  <testcase name="Quando o usuário clicar em deletar" classname="Cenário: Simples DELETE com todos os campos preenchidos corretamente" time="0"/>
  <testcase name="E o usuário clicar em visualizar" classname="Cenário: Simples DELETE com todos os campos preenchidos corretamente" time="0"/>
  <testcase name="Então o usuário deveria receber uma mensagem de &quot;não encontrado&quot;" classname="Cenário: Simples DELETE com todos os campos preenchidos corretamente" time="0"/>
  <testcase name="Cenário: Simples DELETE com todos os campos preenchidos corretamente" classname="Cenário: Simples DELETE com todos os campos preenchidos corretamente" time="0"/>
</testsuite>